[59980:259:0623/163657.709413:INFO:CONSOLE(1)] "Setting up Sentry Remote Error Reporting for 'production': SENTRY_DSN", source: chrome-extension://nkbihfbeogaeaoehlefnkodbefgpgknn/sentry-install.js (1)
[59980:259:0623/163657.805231:INFO:CONSOLE(1)] "Removing intrinsics.Object.hasOwn", source: chrome-extension://nkbihfbeogaeaoehlefnkodbefgpgknn/sentry-install.js (1)
[59980:259:0623/163657.812707:INFO:CONSOLE(1)] "Removing intrinsics.%ArrayPrototype%.findLast", source: chrome-extension://nkbihfbeogaeaoehlefnkodbefgpgknn/sentry-install.js (1)
[59980:259:0623/163657.812787:INFO:CONSOLE(1)] "Removing intrinsics.%ArrayPrototype%.findLastIndex", source: chrome-extension://nkbihfbeogaeaoehlefnkodbefgpgknn/sentry-install.js (1)
[59980:259:0623/163657.812891:INFO:CONSOLE(1)] "Removing intrinsics.%ArrayPrototype%.@@unscopables.findLast", source: chrome-extension://nkbihfbeogaeaoehlefnkodbefgpgknn/sentry-install.js (1)
[59980:259:0623/163657.813068:INFO:CONSOLE(1)] "Removing intrinsics.%ArrayPrototype%.@@unscopables.findLastIndex", source: chrome-extension://nkbihfbeogaeaoehlefnkodbefgpgknn/sentry-install.js (1)
[59980:259:0623/163657.814351:INFO:CONSOLE(1)] "Removing intrinsics.%TypedArrayPrototype%.findLast", source: chrome-extension://nkbihfbeogaeaoehlefnkodbefgpgknn/sentry-install.js (1)
[59980:259:0623/163657.814410:INFO:CONSOLE(1)] "Removing intrinsics.%TypedArrayPrototype%.findLastIndex", source: chrome-extension://nkbihfbeogaeaoehlefnkodbefgpgknn/sentry-install.js (1)
[59980:259:0623/163658.666404:INFO:CONSOLE(1)] "missing dep: ethjs>ethjs-unit>bn.js requested buffer", source: chrome-extension://nkbihfbeogaeaoehlefnkodbefgpgknn/sentry-install.js (1)
[59980:259:0623/163658.673926:INFO:CONSOLE(1)] "missing dep: ethjs>number-to-bn>bn.js requested buffer", source: chrome-extension://nkbihfbeogaeaoehlefnkodbefgpgknn/sentry-install.js (1)
[59980:259:0623/163658.731684:INFO:CONSOLE(1)] "LavaMoat: ignoring write attempt to read-access global "XMLHttpRequest"", source: chrome-extension://nkbihfbeogaeaoehlefnkodbefgpgknn/sentry-install.js (1)
[59980:259:0623/163658.846375:INFO:CONSOLE(1)] "missing dep: @metamask/controllers>eth-method-registry>ethjs>bn.js requested buffer", source: chrome-extension://nkbihfbeogaeaoehlefnkodbefgpgknn/sentry-install.js (1)
[59980:259:0623/163658.995146:INFO:CONSOLE(1)] "missing dep: @metamask/smart-transactions-controller>@metamask/controllers>eth-method-registry>ethjs>bn.js requested buffer", source: chrome-extension://nkbihfbeogaeaoehlefnkodbefgpgknn/sentry-install.js (1)
[59980:259:0623/163659.054186:INFO:CONSOLE(1)] "missing dep: ethjs-contract>ethjs-abi>bn.js requested buffer", source: chrome-extension://nkbihfbeogaeaoehlefnkodbefgpgknn/sentry-install.js (1)
[59980:259:0623/163659.063610:INFO:CONSOLE(1)] "missing dep: ethjs>bn.js requested buffer", source: chrome-extension://nkbihfbeogaeaoehlefnkodbefgpgknn/sentry-install.js (1)
[59980:259:0623/163659.224798:INFO:CONSOLE(1)] "Invalid asm.js: Unexpected token", source: chrome-extension://nkbihfbeogaeaoehlefnkodbefgpgknn/background-2.js (1)
[59980:259:0623/163700.233256:INFO:CONSOLE(1)] "%s: %s MaxListenersExceededWarning Possible EventEmitter memory leak detected. 13 "update" listeners added. Use emitter.setMaxListeners() to increase limit.", source: chrome-extension://nkbihfbeogaeaoehlefnkodbefgpgknn/sentry-install.js (1)
[59980:259:0623/163700.280147:INFO:CONSOLE(0)] "Error with Permissions-Policy header: Origin trial controlled feature not enabled: 'interest-cohort'.", source:  (0)
[59980:259:0623/163700.367241:INFO:CONSOLE(1)] "Removing intrinsics.Object.hasOwn", source: https://metamask.github.io/phishing-warning/v1.1.0/lockdown-install.js (1)
[59980:259:0623/163700.368315:INFO:CONSOLE(1)] "Setting up Sentry Remote Error Reporting for 'production': SENTRY_DSN", source: chrome-extension://nkbihfbeogaeaoehlefnkodbefgpgknn/sentry-install.js (1)
[59980:259:0623/163700.369499:INFO:CONSOLE(1)] "Removing intrinsics.%ArrayPrototype%.findLast", source: https://metamask.github.io/phishing-warning/v1.1.0/lockdown-install.js (1)
[59980:259:0623/163700.369582:INFO:CONSOLE(1)] "Removing intrinsics.%ArrayPrototype%.findLastIndex", source: https://metamask.github.io/phishing-warning/v1.1.0/lockdown-install.js (1)
[59980:259:0623/163700.369673:INFO:CONSOLE(1)] "Removing intrinsics.%ArrayPrototype%.@@unscopables.findLast", source: https://metamask.github.io/phishing-warning/v1.1.0/lockdown-install.js (1)
[59980:259:0623/163700.369710:INFO:CONSOLE(1)] "Removing intrinsics.%ArrayPrototype%.@@unscopables.findLastIndex", source: https://metamask.github.io/phishing-warning/v1.1.0/lockdown-install.js (1)
[59980:259:0623/163700.370330:INFO:CONSOLE(1)] "Removing intrinsics.%StringPrototype%.at", source: https://metamask.github.io/phishing-warning/v1.1.0/lockdown-install.js (1)
[59980:259:0623/163700.371473:INFO:CONSOLE(1)] "Removing intrinsics.%TypedArrayPrototype%.findLast", source: https://metamask.github.io/phishing-warning/v1.1.0/lockdown-install.js (1)
[59980:259:0623/163700.371595:INFO:CONSOLE(1)] "Removing intrinsics.%TypedArrayPrototype%.findLastIndex", source: https://metamask.github.io/phishing-warning/v1.1.0/lockdown-install.js (1)
[59980:259:0623/163700.393965:INFO:CONSOLE(17)] "Service worker registered!", source: https://metamask.github.io/phishing-warning/v1.1.0/bundle.js (17)
[59980:259:0623/163700.439401:INFO:CONSOLE(1)] "Removing intrinsics.Object.hasOwn", source: chrome-extension://nkbihfbeogaeaoehlefnkodbefgpgknn/sentry-install.js (1)
[59980:259:0623/163700.441398:INFO:CONSOLE(1)] "Removing intrinsics.%ArrayPrototype%.findLast", source: chrome-extension://nkbihfbeogaeaoehlefnkodbefgpgknn/sentry-install.js (1)
[59980:259:0623/163700.441609:INFO:CONSOLE(1)] "Removing intrinsics.%ArrayPrototype%.findLastIndex", source: chrome-extension://nkbihfbeogaeaoehlefnkodbefgpgknn/sentry-install.js (1)
[59980:259:0623/163700.441801:INFO:CONSOLE(1)] "Removing intrinsics.%ArrayPrototype%.@@unscopables.findLast", source: chrome-extension://nkbihfbeogaeaoehlefnkodbefgpgknn/sentry-install.js (1)
[59980:259:0623/163700.442013:INFO:CONSOLE(1)] "Removing intrinsics.%ArrayPrototype%.@@unscopables.findLastIndex", source: chrome-extension://nkbihfbeogaeaoehlefnkodbefgpgknn/sentry-install.js (1)
[59980:259:0623/163700.443360:INFO:CONSOLE(1)] "Removing intrinsics.%TypedArrayPrototype%.findLast", source: chrome-extension://nkbihfbeogaeaoehlefnkodbefgpgknn/sentry-install.js (1)
[59980:259:0623/163700.443562:INFO:CONSOLE(1)] "Removing intrinsics.%TypedArrayPrototype%.findLastIndex", source: chrome-extension://nkbihfbeogaeaoehlefnkodbefgpgknn/sentry-install.js (1)
[59980:259:0623/163701.049284:INFO:CONSOLE(1)] "missing dep: ethjs>number-to-bn>bn.js requested buffer", source: chrome-extension://nkbihfbeogaeaoehlefnkodbefgpgknn/sentry-install.js (1)
[59980:259:0623/163701.073902:INFO:CONSOLE(1)] "missing dep: ethjs-contract>ethjs-abi>bn.js requested buffer", source: chrome-extension://nkbihfbeogaeaoehlefnkodbefgpgknn/sentry-install.js (1)
[59980:259:0623/163701.088070:INFO:CONSOLE(1)] "missing dep: ethjs>bn.js requested buffer", source: chrome-extension://nkbihfbeogaeaoehlefnkodbefgpgknn/sentry-install.js (1)
[59980:259:0623/163701.094933:INFO:CONSOLE(1)] "missing dep: ethjs>ethjs-unit>bn.js requested buffer", source: chrome-extension://nkbihfbeogaeaoehlefnkodbefgpgknn/sentry-install.js (1)
[59980:259:0623/163701.482157:INFO:CONSOLE(1)] "LavaMoat: ignoring write attempt to read-access global "XMLHttpRequest"", source: chrome-extension://nkbihfbeogaeaoehlefnkodbefgpgknn/sentry-install.js (1)
[59980:259:0623/163701.575258:INFO:CONSOLE(1)] "missing dep: @metamask/controllers>eth-method-registry>ethjs>bn.js requested buffer", source: chrome-extension://nkbihfbeogaeaoehlefnkodbefgpgknn/sentry-install.js (1)
[59980:259:0623/163701.807278:INFO:CONSOLE(1)] "missing dep: @metamask/eth-token-tracker>ethjs>bn.js requested buffer", source: chrome-extension://nkbihfbeogaeaoehlefnkodbefgpgknn/sentry-install.js (1)
[59980:259:0623/163705.456367:INFO:CONSOLE(0)] "Error with Permissions-Policy header: Origin trial controlled feature not enabled: 'interest-cohort'.", source:  (0)
[59980:259:0623/163705.682675:INFO:CONSOLE(373)] "MetaMask < = > Ledger Bridge initialized from https://metamask.github.io/eth-ledger-bridge-keyring/!", source: https://metamask.github.io/eth-ledger-bridge-keyring/bundle.js (373)
[59980:259:0623/163724.306336:INFO:CONSOLE(1)] "MetaMask: 'ethereum.send(...)' is deprecated and may be removed in the future. Please use 'ethereum.sendAsync(...)' or 'ethereum.request(...)' instead.
For more information, see: https://eips.ethereum.org/EIPS/eip-1193", source: chrome-extension://nkbihfbeogaeaoehlefnkodbefgpgknn/inpage.js (1)
[59980:259:0623/163724.329088:INFO:CONSOLE(1)] "MetaMask: The event 'close' is deprecated and may be removed in the future. Please use 'disconnect' instead.
For more information, see: https://eips.ethereum.org/EIPS/eip-1193#disconnect", source: chrome-extension://nkbihfbeogaeaoehlefnkodbefgpgknn/inpage.js (1)
[59980:259:0623/163724.329429:INFO:CONSOLE(1)] "MetaMask: The event 'networkChanged' is deprecated and may be removed in the future. Use 'chainChanged' instead.
For more information, see: https://eips.ethereum.org/EIPS/eip-1193#chainchanged", source: chrome-extension://nkbihfbeogaeaoehlefnkodbefgpgknn/inpage.js (1)
[59980:259:0623/163725.114757:INFO:CONSOLE(2)] "The AudioContext was not allowed to start. It must be resumed (or created) after a user gesture on the page. https://goo.gl/7K7WLu", source: https://game.defikingdoms.com/static/js/10.b6f29e81.chunk.js (2)
[59980:259:0623/163725.115942:INFO:CONSOLE(2)] "The AudioContext was not allowed to start. It must be resumed (or created) after a user gesture on the page. https://goo.gl/7K7WLu", source: https://game.defikingdoms.com/static/js/10.b6f29e81.chunk.js (2)
[59980:259:0623/163725.129480:INFO:CONSOLE(1)] "Profile not found for account id: 0x19035Fda2292F246c804EFe69d1A9F46d4B3F300.", source: https://game.defikingdoms.com/static/js/main.01963f0b.chunk.js (1)
[59980:259:0623/163725.379662:INFO:CONSOLE(1)] "error getting item quantity Error: call revert exception [ See: https://links.ethers.org/v5-errors-CALL_EXCEPTION ] (method="balanceOf(address)", data="0x", errorArgs=null, errorName=null, errorSignature=null, reason=null, code=CALL_EXCEPTION, version=abi/5.6.1)", source: https://game.defikingdoms.com/static/js/35.7cfa90f9.chunk.js (1)
[59980:259:0623/163725.919808:INFO:CONSOLE(2)] "The AudioContext was not allowed to start. It must be resumed (or created) after a user gesture on the page. https://goo.gl/7K7WLu", source: https://game.defikingdoms.com/static/js/10.b6f29e81.chunk.js (2)
[59980:259:0623/163904.217783:INFO:CONSOLE(1)] "Fetched results for old block number: 3634690 vs. 3634694", source: https://game.defikingdoms.com/static/js/main.01963f0b.chunk.js (1)
[59980:259:0623/163904.435242:INFO:CONSOLE(1)] "Fetched results for old block number: 3634690 vs. 3634694", source: https://game.defikingdoms.com/static/js/main.01963f0b.chunk.js (1)
[59980:259:0623/163904.520209:INFO:CONSOLE(1)] "Fetched results for old block number: 3634690 vs. 3634694", source: https://game.defikingdoms.com/static/js/main.01963f0b.chunk.js (1)
[59980:259:0623/163906.994474:INFO:CONSOLE(1)] "Fetched results for old block number: 3634690 vs. 3634694", source: https://game.defikingdoms.com/static/js/main.01963f0b.chunk.js (1)
[59980:259:0623/163907.226380:INFO:CONSOLE(1)] "Fetched results for old block number: 3634690 vs. 3634694", source: https://game.defikingdoms.com/static/js/main.01963f0b.chunk.js (1)
[59980:259:0623/163907.924804:INFO:CONSOLE(1)] "Fetched results for old block number: 3634690 vs. 3634694", source: https://game.defikingdoms.com/static/js/main.01963f0b.chunk.js (1)
[59980:259:0623/163910.149710:INFO:CONSOLE(1)] "Fetched results for old block number: 3634690 vs. 3634694", source: https://game.defikingdoms.com/static/js/main.01963f0b.chunk.js (1)
[59980:259:0623/163910.226296:INFO:CONSOLE(1)] "Fetched results for old block number: 3634690 vs. 3634694", source: https://game.defikingdoms.com/static/js/main.01963f0b.chunk.js (1)
[59980:259:0623/163910.454077:INFO:CONSOLE(1)] "Fetched results for old block number: 3634690 vs. 3634694", source: https://game.defikingdoms.com/static/js/main.01963f0b.chunk.js (1)
[59980:259:0623/163913.165447:INFO:CONSOLE(1)] "Fetched results for old block number: 3634690 vs. 3634694", source: https://game.defikingdoms.com/static/js/main.01963f0b.chunk.js (1)
[59980:259:0623/163913.217516:INFO:CONSOLE(1)] "Fetched results for old block number: 3634690 vs. 3634694", source: https://game.defikingdoms.com/static/js/main.01963f0b.chunk.js (1)
[59980:259:0623/163913.499280:INFO:CONSOLE(1)] "Fetched results for old block number: 3634690 vs. 3634694", source: https://game.defikingdoms.com/static/js/main.01963f0b.chunk.js (1)
[59980:259:0623/163916.080308:INFO:CONSOLE(1)] "Fetched results for old block number: 3634690 vs. 3634694", source: https://game.defikingdoms.com/static/js/main.01963f0b.chunk.js (1)
[59980:259:0623/163916.301087:INFO:CONSOLE(1)] "Fetched results for old block number: 3634690 vs. 3634694", source: https://game.defikingdoms.com/static/js/main.01963f0b.chunk.js (1)
[59980:259:0623/163916.512499:INFO:CONSOLE(1)] "Fetched results for old block number: 3634690 vs. 3634694", source: https://game.defikingdoms.com/static/js/main.01963f0b.chunk.js (1)
[59980:259:0623/163918.762222:INFO:CONSOLE(1)] "Fetched results for old block number: 3634690 vs. 3634694", source: https://game.defikingdoms.com/static/js/main.01963f0b.chunk.js (1)
[59980:259:0623/163919.236967:INFO:CONSOLE(1)] "Fetched results for old block number: 3634690 vs. 3634694", source: https://game.defikingdoms.com/static/js/main.01963f0b.chunk.js (1)
[59980:259:0623/163919.726270:INFO:CONSOLE(1)] "Fetched results for old block number: 3634690 vs. 3634694", source: https://game.defikingdoms.com/static/js/main.01963f0b.chunk.js (1)
[59980:259:0623/163921.829952:INFO:CONSOLE(1)] "Fetched results for old block number: 3634690 vs. 3634694", source: https://game.defikingdoms.com/static/js/main.01963f0b.chunk.js (1)
[59980:259:0623/163922.211774:INFO:CONSOLE(1)] "Fetched results for old block number: 3634690 vs. 3634694", source: https://game.defikingdoms.com/static/js/main.01963f0b.chunk.js (1)
[59980:259:0623/163922.856104:INFO:CONSOLE(1)] "Fetched results for old block number: 3634690 vs. 3634694", source: https://game.defikingdoms.com/static/js/main.01963f0b.chunk.js (1)
[59980:259:0623/163923.721877:INFO:CONSOLE(1)] "Cancelled fetch for blockNumber 3634694", source: https://game.defikingdoms.com/static/js/main.01963f0b.chunk.js (1)
[59980:259:0623/164025.124618:INFO:CONSOLE(1)] "Fetched results for old block number: 3634732 vs. 3634733", source: https://game.defikingdoms.com/static/js/main.01963f0b.chunk.js (1)
[59980:259:0623/164025.316246:INFO:CONSOLE(1)] "Fetched results for old block number: 3634732 vs. 3634733", source: https://game.defikingdoms.com/static/js/main.01963f0b.chunk.js (1)
[59980:259:0623/164025.401971:INFO:CONSOLE(1)] "Fetched results for old block number: 3634732 vs. 3634733", source: https://game.defikingdoms.com/static/js/main.01963f0b.chunk.js (1)
[59980:259:0623/164027.906458:INFO:CONSOLE(1)] "Fetched results for old block number: 3634732 vs. 3634733", source: https://game.defikingdoms.com/static/js/main.01963f0b.chunk.js (1)
[59980:259:0623/164027.983597:INFO:CONSOLE(1)] "Fetched results for old block number: 3634732 vs. 3634733", source: https://game.defikingdoms.com/static/js/main.01963f0b.chunk.js (1)
[59980:259:0623/164028.024943:INFO:CONSOLE(1)] "Fetched results for old block number: 3634732 vs. 3634733", source: https://game.defikingdoms.com/static/js/main.01963f0b.chunk.js (1)
[59980:259:0623/164030.782675:INFO:CONSOLE(1)] "Fetched results for old block number: 3634732 vs. 3634733", source: https://game.defikingdoms.com/static/js/main.01963f0b.chunk.js (1)
[59980:259:0623/164030.949057:INFO:CONSOLE(1)] "Fetched results for old block number: 3634732 vs. 3634733", source: https://game.defikingdoms.com/static/js/main.01963f0b.chunk.js (1)
[59980:259:0623/164031.329243:INFO:CONSOLE(1)] "Fetched results for old block number: 3634732 vs. 3634733", source: https://game.defikingdoms.com/static/js/main.01963f0b.chunk.js (1)
[59980:259:0623/164033.856991:INFO:CONSOLE(1)] "Fetched results for old block number: 3634732 vs. 3634733", source: https://game.defikingdoms.com/static/js/main.01963f0b.chunk.js (1)
[59980:259:0623/164034.154843:INFO:CONSOLE(1)] "Fetched results for old block number: 3634732 vs. 3634733", source: https://game.defikingdoms.com/static/js/main.01963f0b.chunk.js (1)
[59980:259:0623/164034.155427:INFO:CONSOLE(1)] "Fetched results for old block number: 3634732 vs. 3634733", source: https://game.defikingdoms.com/static/js/main.01963f0b.chunk.js (1)
[59980:259:0623/164036.634716:INFO:CONSOLE(1)] "Fetched results for old block number: 3634732 vs. 3634733", source: https://game.defikingdoms.com/static/js/main.01963f0b.chunk.js (1)
[59980:259:0623/164037.499091:INFO:CONSOLE(1)] "Fetched results for old block number: 3634732 vs. 3634733", source: https://game.defikingdoms.com/static/js/main.01963f0b.chunk.js (1)
[59980:259:0623/164037.538147:INFO:CONSOLE(1)] "Fetched results for old block number: 3634732 vs. 3634733", source: https://game.defikingdoms.com/static/js/main.01963f0b.chunk.js (1)
[59980:259:0623/164039.997230:INFO:CONSOLE(1)] "Fetched results for old block number: 3634732 vs. 3634733", source: https://game.defikingdoms.com/static/js/main.01963f0b.chunk.js (1)
[59980:259:0623/164040.374097:INFO:CONSOLE(1)] "Fetched results for old block number: 3634732 vs. 3634733", source: https://game.defikingdoms.com/static/js/main.01963f0b.chunk.js (1)
[59980:259:0623/164040.397996:INFO:CONSOLE(1)] "Fetched results for old block number: 3634732 vs. 3634733", source: https://game.defikingdoms.com/static/js/main.01963f0b.chunk.js (1)
[59980:259:0623/164042.960847:INFO:CONSOLE(1)] "Fetched results for old block number: 3634732 vs. 3634733", source: https://game.defikingdoms.com/static/js/main.01963f0b.chunk.js (1)
[59980:259:0623/164042.970646:INFO:CONSOLE(1)] "Fetched results for old block number: 3634732 vs. 3634733", source: https://game.defikingdoms.com/static/js/main.01963f0b.chunk.js (1)
[59980:259:0623/164043.364848:INFO:CONSOLE(1)] "Fetched results for old block number: 3634732 vs. 3634733", source: https://game.defikingdoms.com/static/js/main.01963f0b.chunk.js (1)
[59980:259:0623/164044.731840:INFO:CONSOLE(1)] "Cancelled fetch for blockNumber 3634733", source: https://game.defikingdoms.com/static/js/main.01963f0b.chunk.js (1)
[59980:259:0623/164107.701841:INFO:render_frame_host_impl.cc(11505)] RenderFrameHostImpl::MaybeGenerateCrashReport url = https://metamask.github.io/eth-ledger-bridge-keyring/, status = 4, exit_code = 0
[59980:259:0623/164108.107090:WARNING:pref_notifier_impl.cc(41)] Pref observer for media_router.cast_allow_all_ips found at shutdown.
