[34434:259:0411/174032.923146:INFO:CONSOLE(1)] "Setting up Sentry Remote Error Reporting for 'production': SENTRY_DSN", source: chrome-extension://nkbihfbeogaeaoehlefnkodbefgpgknn/sentry-install.js (1)
[34434:259:0411/174032.981834:INFO:CONSOLE(1)] "Removing intrinsics.Object.hasOwn", source: chrome-extension://nkbihfbeogaeaoehlefnkodbefgpgknn/sentry-install.js (1)
[34434:259:0411/174032.983576:INFO:CONSOLE(1)] "Removing intrinsics.%ArrayPrototype%.findLast", source: chrome-extension://nkbihfbeogaeaoehlefnkodbefgpgknn/sentry-install.js (1)
[34434:259:0411/174032.983661:INFO:CONSOLE(1)] "Removing intrinsics.%ArrayPrototype%.findLastIndex", source: chrome-extension://nkbihfbeogaeaoehlefnkodbefgpgknn/sentry-install.js (1)
[34434:259:0411/174032.983701:INFO:CONSOLE(1)] "Removing intrinsics.%ArrayPrototype%.@@unscopables.findLast", source: chrome-extension://nkbihfbeogaeaoehlefnkodbefgpgknn/sentry-install.js (1)
[34434:259:0411/174032.983736:INFO:CONSOLE(1)] "Removing intrinsics.%ArrayPrototype%.@@unscopables.findLastIndex", source: chrome-extension://nkbihfbeogaeaoehlefnkodbefgpgknn/sentry-install.js (1)
[34434:259:0411/174032.985214:INFO:CONSOLE(1)] "Removing intrinsics.%TypedArrayPrototype%.findLast", source: chrome-extension://nkbihfbeogaeaoehlefnkodbefgpgknn/sentry-install.js (1)
[34434:259:0411/174032.985503:INFO:CONSOLE(1)] "Removing intrinsics.%TypedArrayPrototype%.findLastIndex", source: chrome-extension://nkbihfbeogaeaoehlefnkodbefgpgknn/sentry-install.js (1)
[34434:259:0411/174033.471808:INFO:CONSOLE(1)] "missing dep: bn.js requested buffer", source: chrome-extension://nkbihfbeogaeaoehlefnkodbefgpgknn/sentry-install.js (1)
[34434:259:0411/174033.475674:INFO:CONSOLE(1)] "missing dep: bn.js requested buffer", source: chrome-extension://nkbihfbeogaeaoehlefnkodbefgpgknn/sentry-install.js (1)
[34434:259:0411/174033.495914:INFO:CONSOLE(2)] "JQMIGRATE: Migrate is installed, version 3.0.0", source: https://code.jquery.com/jquery-migrate-3.0.0.min.js?ver=3.0.0 (2)
[34434:259:0411/174033.509805:INFO:CONSOLE(1)] "LavaMoat: ignoring write attempt to read-access global "XMLHttpRequest"", source: chrome-extension://nkbihfbeogaeaoehlefnkodbefgpgknn/sentry-install.js (1)
[34434:259:0411/174033.578921:INFO:CONSOLE(1)] "missing dep: bn.js requested buffer", source: chrome-extension://nkbihfbeogaeaoehlefnkodbefgpgknn/sentry-install.js (1)
[34434:259:0411/174036.557670:INFO:CONSOLE(1)] "missing dep: bn.js requested buffer", source: chrome-extension://nkbihfbeogaeaoehlefnkodbefgpgknn/sentry-install.js (1)
[34434:259:0411/174036.591130:INFO:CONSOLE(1)] "missing dep: bn.js requested buffer", source: chrome-extension://nkbihfbeogaeaoehlefnkodbefgpgknn/sentry-install.js (1)
[34434:259:0411/174036.593766:INFO:CONSOLE(1)] "missing dep: bn.js requested buffer", source: chrome-extension://nkbihfbeogaeaoehlefnkodbefgpgknn/sentry-install.js (1)
[34434:259:0411/174036.630669:INFO:CONSOLE(1)] "missing dep: bn.js requested buffer", source: chrome-extension://nkbihfbeogaeaoehlefnkodbefgpgknn/sentry-install.js (1)
[34434:259:0411/174036.653751:INFO:CONSOLE(1)] "missing dep: bn.js requested buffer", source: chrome-extension://nkbihfbeogaeaoehlefnkodbefgpgknn/sentry-install.js (1)
[34434:259:0411/174036.688992:INFO:CONSOLE(1)] "Invalid asm.js: Unexpected token", source: chrome-extension://nkbihfbeogaeaoehlefnkodbefgpgknn/background-4.js (1)
[34434:259:0411/174037.148086:INFO:CONSOLE(0)] "Unchecked runtime.lastError: Could not establish connection. Receiving end does not exist.", source: https://www.geeksforgeeks.org/ (0)
[34434:259:0411/174037.149456:INFO:CONSOLE(1)] "MetaMask: Content script lost connection to "MetaMask Background Multiplex". undefined", source: chrome-extension://nkbihfbeogaeaoehlefnkodbefgpgknn/contentscript.js (1)
[34434:259:0411/174037.150614:INFO:CONSOLE(1)] "MetaMask: Muxed traffic for channel "metamask-provider" failed. undefined", source: chrome-extension://nkbihfbeogaeaoehlefnkodbefgpgknn/contentscript.js (1)
[34434:259:0411/174037.150954:INFO:CONSOLE(1)] "MetaMask: Content script lost connection to "MetaMask Background Legacy Multiplex". undefined", source: chrome-extension://nkbihfbeogaeaoehlefnkodbefgpgknn/contentscript.js (1)
[34434:259:0411/174037.151253:INFO:CONSOLE(1)] "MetaMask: Muxed traffic between channels "provider" and "metamask-provider" failed. undefined", source: chrome-extension://nkbihfbeogaeaoehlefnkodbefgpgknn/contentscript.js (1)
[34434:259:0411/174037.151346:INFO:CONSOLE(1)] "MetaMask: Muxed traffic for channel "publicConfig" failed. undefined", source: chrome-extension://nkbihfbeogaeaoehlefnkodbefgpgknn/contentscript.js (1)
[34434:259:0411/174037.196010:INFO:CONSOLE(1)] "%s: %s MaxListenersExceededWarning Possible EventEmitter memory leak detected. 13 "update" listeners added. Use emitter.setMaxListeners() to increase limit.", source: chrome-extension://nkbihfbeogaeaoehlefnkodbefgpgknn/sentry-install.js (1)
[34434:259:0411/174037.287630:INFO:CONSOLE(1)] "Setting up Sentry Remote Error Reporting for 'production': SENTRY_DSN", source: chrome-extension://nkbihfbeogaeaoehlefnkodbefgpgknn/sentry-install.js (1)
[34434:259:0411/174037.299723:INFO:CONSOLE(1)] "Removing intrinsics.Object.hasOwn", source: chrome-extension://nkbihfbeogaeaoehlefnkodbefgpgknn/sentry-install.js (1)
[34434:259:0411/174037.301286:INFO:CONSOLE(1)] "Removing intrinsics.%ArrayPrototype%.findLast", source: chrome-extension://nkbihfbeogaeaoehlefnkodbefgpgknn/sentry-install.js (1)
[34434:259:0411/174037.301340:INFO:CONSOLE(1)] "Removing intrinsics.%ArrayPrototype%.findLastIndex", source: chrome-extension://nkbihfbeogaeaoehlefnkodbefgpgknn/sentry-install.js (1)
[34434:259:0411/174037.301556:INFO:CONSOLE(1)] "Removing intrinsics.%ArrayPrototype%.@@unscopables.findLast", source: chrome-extension://nkbihfbeogaeaoehlefnkodbefgpgknn/sentry-install.js (1)
[34434:259:0411/174037.301605:INFO:CONSOLE(1)] "Removing intrinsics.%ArrayPrototype%.@@unscopables.findLastIndex", source: chrome-extension://nkbihfbeogaeaoehlefnkodbefgpgknn/sentry-install.js (1)
[34434:259:0411/174037.302569:INFO:CONSOLE(1)] "Removing intrinsics.%StringPrototype%.at", source: chrome-extension://nkbihfbeogaeaoehlefnkodbefgpgknn/sentry-install.js (1)
[34434:259:0411/174037.303329:INFO:CONSOLE(1)] "Removing intrinsics.%TypedArrayPrototype%.findLast", source: chrome-extension://nkbihfbeogaeaoehlefnkodbefgpgknn/sentry-install.js (1)
[34434:259:0411/174037.303378:INFO:CONSOLE(1)] "Removing intrinsics.%TypedArrayPrototype%.findLastIndex", source: chrome-extension://nkbihfbeogaeaoehlefnkodbefgpgknn/sentry-install.js (1)
[34434:259:0411/174101.586086:INFO:CONSOLE(0)] "[DOM] Input elements should have autocomplete attributes (suggested: "current-password"): (More info: https://goo.gl/9p2vKq) %o", source: https://www.geeksforgeeks.org/ (0)
[34434:259:0411/174101.586161:INFO:CONSOLE(0)] "[DOM] Input elements should have autocomplete attributes (suggested: "current-password"): (More info: https://goo.gl/9p2vKq) %o", source: https://www.geeksforgeeks.org/ (0)
