2022-04-14 12:12:59,438 | ------------------------------------------------------------------------------------------------------------------
2022-04-14 12:12:59,439 | Getting Data From Firebase
2022-04-14 12:12:59,439 | ------------------------------------------------------------------------------------------------------------------
2022-04-14 12:12:59,449 | DB: Creating connection to Firebase @ https://dfk-arbitrage-default-rtdb.firebaseio.com/
2022-04-14 12:12:59,453 | DB: Connection established to Firebase
2022-04-14 12:12:59,453 | DB: Getting 'recipes' from Firebase
2022-04-14 12:13:00,320 | DB: Getting 'networks' from Firebase
2022-04-14 12:13:00,534 | DB: Getting 'tokens' from Firebase
2022-04-14 12:13:00,715 | ------------------------------------------------------------------------------------------------------------------
2022-04-14 12:13:00,716 | ------------------------------------------------------------------------------------------------------------------
2022-04-14 12:13:00,716 | Waiting For Arbitrage Opportunity...
2022-04-14 12:13:00,716 | ------------------------------------------------------------------------------------------------------------------
2022-04-14 12:13:01,939 | ##################################################################################################################
2022-04-14 12:13:01,939 | STARTING ARBITRAGE #1
2022-04-14 12:13:01,939 | ##################################################################################################################
2022-04-14 12:13:01,939 | ------------------------------------------------------------------------------------------------------------------
2022-04-14 12:13:01,939 | [ARB #1] Arbitrage Opportunity Identified
2022-04-14 12:13:01,939 | ------------------------------------------------------------------------------------------------------------------
2022-04-14 12:13:01,940 | Buying WJEWEL on DFK Avalanche @ 5.16 USDC and selling JEWEL on DFK Harmony @ 5.05 1USDC for a 2.18% arbitrage
2022-04-14 12:13:01,940 | ------------------------------------------------------------------------------------------------------------------
2022-04-14 12:13:01,940 | ------------------------------------------------------------------------------------------------------------------
2022-04-14 12:13:01,940 | [ARB #1] Getting Wallet Details & Balance
2022-04-14 12:13:01,940 | ------------------------------------------------------------------------------------------------------------------
2022-04-14 12:13:01,982 | Using RPC Server https://subnets.avax.network/defi-kingdoms/dfk-chain/rpc
2022-04-14 12:13:01,985 | DB: Getting 'tokens' from Firebase
2022-04-14 12:13:02,914 | Wallet 0x919d17174Fb22CC1Cfc8748C208104EC62341791 has 0 WJEWEL on avalanchedfk
2022-04-14 12:13:02,914 | Using RPC Server https://harmony-0-rpc.gateway.pokt.network
2022-04-14 12:13:02,916 | DB: Getting 'tokens' from Firebase
2022-04-14 12:13:08,975 | Wallet 0x919d17174Fb22CC1Cfc8748C208104EC62341791 has 0.000349944361678761 JEWEL on harmony
2022-04-14 12:13:08,975 | ------------------------------------------------------------------------------------------------------------------
2022-04-14 12:13:08,975 | ------------------------------------------------------------------------------------------------------------------
2022-04-14 12:13:08,975 | [ARB #1] Launching Chrome & Metamask
2022-04-14 12:13:08,975 | ------------------------------------------------------------------------------------------------------------------
2022-04-14 12:13:08,976 | Initialising Selenium
2022-04-14 12:13:11,293 | Selenium initialised & ready
2022-04-14 12:13:11,317 | Opening Metamask tab...
2022-04-14 12:13:16,909 | Metamask opened!
2022-04-14 12:13:16,910 | Waiting for Metamask password input...
2022-04-14 12:13:17,565 | Password input located!
2022-04-14 12:13:17,565 | Filling in password...
2022-04-14 12:13:17,677 | Password inputted!
2022-04-14 12:13:17,677 | Pressing enter...
2022-04-14 12:13:17,693 | Enter key pressed!
2022-04-14 12:13:17,693 | Checking if logged in...
2022-04-14 12:13:57,708 | ------------------------------------------------------------------------------------------------------------------
2022-04-14 12:13:57,708 | Getting Data From Firebase
2022-04-14 12:13:57,709 | ------------------------------------------------------------------------------------------------------------------
2022-04-14 12:13:57,719 | DB: Creating connection to Firebase @ https://dfk-arbitrage-default-rtdb.firebaseio.com/
2022-04-14 12:13:57,723 | DB: Connection established to Firebase
2022-04-14 12:13:57,723 | DB: Getting 'recipes' from Firebase
2022-04-14 12:13:58,458 | DB: Getting 'networks' from Firebase
2022-04-14 12:13:58,630 | DB: Getting 'tokens' from Firebase
2022-04-14 12:13:58,789 | ------------------------------------------------------------------------------------------------------------------
2022-04-14 12:13:58,789 | ------------------------------------------------------------------------------------------------------------------
2022-04-14 12:13:58,789 | Waiting For Arbitrage Opportunity...
2022-04-14 12:13:58,789 | ------------------------------------------------------------------------------------------------------------------
2022-04-14 12:13:59,603 | ##################################################################################################################
2022-04-14 12:13:59,604 | STARTING ARBITRAGE #1
2022-04-14 12:13:59,604 | ##################################################################################################################
2022-04-14 12:13:59,604 | ------------------------------------------------------------------------------------------------------------------
2022-04-14 12:13:59,604 | [ARB #1] Arbitrage Opportunity Identified
2022-04-14 12:13:59,604 | ------------------------------------------------------------------------------------------------------------------
2022-04-14 12:13:59,604 | Buying WJEWEL on DFK Avalanche @ 5.16 USDC and selling JEWEL on DFK Harmony @ 5.02 1USDC for a 2.79% arbitrage
2022-04-14 12:13:59,604 | ------------------------------------------------------------------------------------------------------------------
2022-04-14 12:13:59,604 | ------------------------------------------------------------------------------------------------------------------
2022-04-14 12:13:59,604 | [ARB #1] Getting Wallet Details & Balance
2022-04-14 12:13:59,604 | ------------------------------------------------------------------------------------------------------------------
2022-04-14 12:13:59,649 | Using RPC Server https://subnets.avax.network/defi-kingdoms/dfk-chain/rpc
2022-04-14 12:13:59,652 | DB: Getting 'tokens' from Firebase
2022-04-14 12:14:00,485 | Wallet 0x919d17174Fb22CC1Cfc8748C208104EC62341791 has 0 WJEWEL on avalanchedfk
2022-04-14 12:14:00,486 | Using RPC Server https://harmony-0-rpc.gateway.pokt.network
2022-04-14 12:14:00,489 | DB: Getting 'tokens' from Firebase
2022-04-14 12:14:02,002 | Wallet 0x919d17174Fb22CC1Cfc8748C208104EC62341791 has 0.000349944361678761 JEWEL on harmony
2022-04-14 12:14:02,002 | ------------------------------------------------------------------------------------------------------------------
2022-04-14 12:14:02,002 | ------------------------------------------------------------------------------------------------------------------
2022-04-14 12:14:02,002 | [ARB #1] Launching Chrome & Metamask
2022-04-14 12:14:02,002 | ------------------------------------------------------------------------------------------------------------------
2022-04-14 12:14:02,002 | Initialising Selenium
2022-04-14 12:14:04,335 | Selenium initialised & ready
2022-04-14 12:14:04,358 | Opening Metamask tab...
2022-04-14 12:14:10,103 | Metamask opened!
2022-04-14 12:14:10,103 | Waiting for Metamask password input...
2022-04-14 12:14:10,764 | Password input located!
2022-04-14 12:14:10,764 | Filling in password...
2022-04-14 12:14:10,874 | Password inputted!
2022-04-14 12:14:10,874 | Pressing enter...
2022-04-14 12:14:10,890 | Enter key pressed!
2022-04-14 12:14:10,891 | Checking if logged in...
2022-04-14 12:14:12,721 | Metamask logged in!
2022-04-14 12:14:12,733 | Opening Metamask tab...
2022-04-14 12:14:13,850 | Metamask opened!
2022-04-14 12:14:13,850 | Locating Metamask switch dropdown...
2022-04-14 12:14:14,386 | Metamask switch dropdown located!
2022-04-14 12:14:14,387 | Getting current network...
2022-04-14 12:14:14,414 | Got current network: avalanchedfk
2022-04-14 12:14:14,414 | We are already on avalanchedfk - no need to switch!
2022-04-14 12:14:14,414 | ------------------------------------------------------------------------------------------------------------------
2022-04-14 12:14:14,414 | ------------------------------------------------------------------------------------------------------------------
2022-04-14 12:14:14,414 | [ARB #1] Bridging: Dfk Avalanche -> Dfk Harmony
2022-04-14 12:14:14,414 | ------------------------------------------------------------------------------------------------------------------
2022-04-14 12:14:14,414 | Building Synapse Bridge URL...
2022-04-14 12:14:14,414 | Synapse Bridge URL built: https://synapseprotocol.com/?inputCurrency=JEWEL+&outputCurrency=JEWEL&outputChain=1666600000
2022-04-14 12:14:14,414 | Opening Synapse Bridge...
2022-04-14 12:14:14,879 | Synapse Bridge opened!
2022-04-14 12:14:14,879 | Checking current JEWEL GUI balance...
2022-04-14 12:14:15,415 | JEWEL GUI balance is currently 0.0
2022-04-14 12:14:15,416 | Waiting for Synapse input and output token field...
2022-04-14 12:14:15,450 | Synapse input and output token fields located!
2022-04-14 12:14:15,450 | Entering 10 JEWEL as the input token...
2022-04-14 12:14:15,516 | Entered input tokens!
2022-04-14 12:14:20,521 | Checking how many JEWEL we will get after bridging...
2022-04-14 12:14:20,527 | We will get 9.8 JEWEL after we bridge.
2022-04-14 12:14:20,527 | Checking JEWEL bridge fee...
2022-04-14 12:14:20,552 | Bridge fee is 0.20 JEWEL
2022-04-14 12:14:20,552 | Checking bridge slippage fee...
2022-04-14 12:14:20,578 | Bridge has a positive slippage of 0.0%
2022-04-14 12:14:25,582 | Checking bridge button status
2022-04-14 12:14:25,607 | Current bridge button status is 'Insufficient JEWEL Balance'
2022-04-14 12:14:25,608 | Ready to bridge: False
2022-04-14 12:14:25,608 | ------------------------------------------------------------------------------------------------------------------
2022-04-14 12:14:25,608 | ------------------------------------------------------------------------------------------------------------------
2022-04-14 12:14:25,608 | [ARB #1] Finished - Running Cleanup
2022-04-14 12:14:25,608 | ------------------------------------------------------------------------------------------------------------------
2022-04-14 12:14:25,608 | Shutting down Selenium
2022-04-14 12:14:25,846 | Selenium shutdown
2022-04-14 12:14:25,846 | ------------------------------------------------------------------------------------------------------------------
