[13674:259:0412/160641.437105:ERROR:profile_manager.cc(1243)] Found invalid profile path in deleted_profiles: /Users/luke/Library/Application Support/Google/Chrome/Profile 3
[13674:259:0412/160641.437178:ERROR:profile_manager.cc(1243)] Found invalid profile path in deleted_profiles: /Users/luke/Library/Application Support/Google/Chrome/Profile 1
[13674:259:0412/160641.437193:ERROR:profile_manager.cc(1243)] Found invalid profile path in deleted_profiles: /Users/luke/Library/Application Support/Google/Chrome/Profile 2
[13674:259:0412/160641.437203:ERROR:profile_manager.cc(1243)] Found invalid profile path in deleted_profiles: /Users/luke/Library/Application Support/Google/Chrome/Profile 5
[13674:259:0412/160641.437212:ERROR:profile_manager.cc(1243)] Found invalid profile path in deleted_profiles: /Users/luke/Library/Application Support/Google/Chrome/Default
[13674:259:0412/160641.437221:ERROR:profile_manager.cc(1243)] Found invalid profile path in deleted_profiles: /Users/luke/Library/Application Support/Google/Chrome/Profile 4
[13674:259:0412/160641.437231:ERROR:profile_manager.cc(1243)] Found invalid profile path in deleted_profiles: /Users/luke/Library/Application Support/Google/Chrome/Profile 7
[13674:259:0412/160642.519337:INFO:CONSOLE(1)] "Setting up Sentry Remote Error Reporting for 'production': SENTRY_DSN", source: chrome-extension://nkbihfbeogaeaoehlefnkodbefgpgknn/sentry-install.js (1)
[13674:259:0412/160642.577709:INFO:CONSOLE(1)] "Removing intrinsics.Object.hasOwn", source: chrome-extension://nkbihfbeogaeaoehlefnkodbefgpgknn/sentry-install.js (1)
[13674:259:0412/160642.579645:INFO:CONSOLE(1)] "Removing intrinsics.%ArrayPrototype%.findLast", source: chrome-extension://nkbihfbeogaeaoehlefnkodbefgpgknn/sentry-install.js (1)
[13674:259:0412/160642.579743:INFO:CONSOLE(1)] "Removing intrinsics.%ArrayPrototype%.findLastIndex", source: chrome-extension://nkbihfbeogaeaoehlefnkodbefgpgknn/sentry-install.js (1)
[13674:259:0412/160642.579796:INFO:CONSOLE(1)] "Removing intrinsics.%ArrayPrototype%.@@unscopables.findLast", source: chrome-extension://nkbihfbeogaeaoehlefnkodbefgpgknn/sentry-install.js (1)
[13674:259:0412/160642.579904:INFO:CONSOLE(1)] "Removing intrinsics.%ArrayPrototype%.@@unscopables.findLastIndex", source: chrome-extension://nkbihfbeogaeaoehlefnkodbefgpgknn/sentry-install.js (1)
[13674:259:0412/160642.580910:INFO:CONSOLE(1)] "Removing intrinsics.%TypedArrayPrototype%.findLast", source: chrome-extension://nkbihfbeogaeaoehlefnkodbefgpgknn/sentry-install.js (1)
[13674:259:0412/160642.580958:INFO:CONSOLE(1)] "Removing intrinsics.%TypedArrayPrototype%.findLastIndex", source: chrome-extension://nkbihfbeogaeaoehlefnkodbefgpgknn/sentry-install.js (1)
[13674:259:0412/160643.061125:INFO:CONSOLE(1)] "missing dep: bn.js requested buffer", source: chrome-extension://nkbihfbeogaeaoehlefnkodbefgpgknn/sentry-install.js (1)
[13674:259:0412/160643.065008:INFO:CONSOLE(1)] "missing dep: bn.js requested buffer", source: chrome-extension://nkbihfbeogaeaoehlefnkodbefgpgknn/sentry-install.js (1)
[13674:259:0412/160643.094359:INFO:CONSOLE(1)] "LavaMoat: ignoring write attempt to read-access global "XMLHttpRequest"", source: chrome-extension://nkbihfbeogaeaoehlefnkodbefgpgknn/sentry-install.js (1)
[13674:259:0412/160643.152276:INFO:CONSOLE(1)] "missing dep: bn.js requested buffer", source: chrome-extension://nkbihfbeogaeaoehlefnkodbefgpgknn/sentry-install.js (1)
[13674:259:0412/160645.929757:INFO:CONSOLE(1)] "missing dep: bn.js requested buffer", source: chrome-extension://nkbihfbeogaeaoehlefnkodbefgpgknn/sentry-install.js (1)
[13674:259:0412/160645.959513:INFO:CONSOLE(1)] "missing dep: bn.js requested buffer", source: chrome-extension://nkbihfbeogaeaoehlefnkodbefgpgknn/sentry-install.js (1)
[13674:259:0412/160645.964742:INFO:CONSOLE(1)] "missing dep: bn.js requested buffer", source: chrome-extension://nkbihfbeogaeaoehlefnkodbefgpgknn/sentry-install.js (1)
[13674:259:0412/160646.001523:INFO:CONSOLE(1)] "missing dep: bn.js requested buffer", source: chrome-extension://nkbihfbeogaeaoehlefnkodbefgpgknn/sentry-install.js (1)
[13674:259:0412/160646.028465:INFO:CONSOLE(1)] "missing dep: bn.js requested buffer", source: chrome-extension://nkbihfbeogaeaoehlefnkodbefgpgknn/sentry-install.js (1)
[13674:259:0412/160646.056240:INFO:CONSOLE(1)] "Invalid asm.js: Unexpected token", source: chrome-extension://nkbihfbeogaeaoehlefnkodbefgpgknn/background-4.js (1)
[13674:259:0412/160646.610835:INFO:CONSOLE(1)] "%s: %s MaxListenersExceededWarning Possible EventEmitter memory leak detected. 13 "update" listeners added. Use emitter.setMaxListeners() to increase limit.", source: chrome-extension://nkbihfbeogaeaoehlefnkodbefgpgknn/sentry-install.js (1)
[13674:259:0412/160646.669065:INFO:CONSOLE(1)] "Setting up Sentry Remote Error Reporting for 'production': SENTRY_DSN", source: chrome-extension://nkbihfbeogaeaoehlefnkodbefgpgknn/sentry-install.js (1)
[13674:259:0412/160646.679729:INFO:CONSOLE(1)] "Removing intrinsics.Object.hasOwn", source: chrome-extension://nkbihfbeogaeaoehlefnkodbefgpgknn/sentry-install.js (1)
[13674:259:0412/160646.680366:INFO:CONSOLE(1)] "Removing intrinsics.%ArrayPrototype%.findLast", source: chrome-extension://nkbihfbeogaeaoehlefnkodbefgpgknn/sentry-install.js (1)
[13674:259:0412/160646.680472:INFO:CONSOLE(1)] "Removing intrinsics.%ArrayPrototype%.findLastIndex", source: chrome-extension://nkbihfbeogaeaoehlefnkodbefgpgknn/sentry-install.js (1)
[13674:259:0412/160646.680626:INFO:CONSOLE(1)] "Removing intrinsics.%ArrayPrototype%.@@unscopables.findLast", source: chrome-extension://nkbihfbeogaeaoehlefnkodbefgpgknn/sentry-install.js (1)
[13674:259:0412/160646.680783:INFO:CONSOLE(1)] "Removing intrinsics.%ArrayPrototype%.@@unscopables.findLastIndex", source: chrome-extension://nkbihfbeogaeaoehlefnkodbefgpgknn/sentry-install.js (1)
[13674:259:0412/160646.681174:INFO:CONSOLE(1)] "Removing intrinsics.%StringPrototype%.at", source: chrome-extension://nkbihfbeogaeaoehlefnkodbefgpgknn/sentry-install.js (1)
[13674:259:0412/160646.681594:INFO:CONSOLE(1)] "Removing intrinsics.%TypedArrayPrototype%.findLast", source: chrome-extension://nkbihfbeogaeaoehlefnkodbefgpgknn/sentry-install.js (1)
[13674:259:0412/160646.681732:INFO:CONSOLE(1)] "Removing intrinsics.%TypedArrayPrototype%.findLastIndex", source: chrome-extension://nkbihfbeogaeaoehlefnkodbefgpgknn/sentry-install.js (1)
[13674:259:0412/160649.844752:WARNING:pref_notifier_impl.cc(40)] Pref observer for media_router.cast_allow_all_ips found at shutdown.
