[90609:259:0704/122309.045522:INFO:CONSOLE(1)] "Setting up Sentry Remote Error Reporting for 'production': SENTRY_DSN", source: chrome-extension://nkbihfbeogaeaoehlefnkodbefgpgknn/sentry-install.js (1)
[90609:259:0704/122309.100426:INFO:CONSOLE(1)] "Removing intrinsics.Object.hasOwn", source: chrome-extension://nkbihfbeogaeaoehlefnkodbefgpgknn/sentry-install.js (1)
[90609:259:0704/122309.102320:INFO:CONSOLE(1)] "Removing intrinsics.%ArrayPrototype%.findLast", source: chrome-extension://nkbihfbeogaeaoehlefnkodbefgpgknn/sentry-install.js (1)
[90609:259:0704/122309.102527:INFO:CONSOLE(1)] "Removing intrinsics.%ArrayPrototype%.findLastIndex", source: chrome-extension://nkbihfbeogaeaoehlefnkodbefgpgknn/sentry-install.js (1)
[90609:259:0704/122309.102561:INFO:CONSOLE(1)] "Removing intrinsics.%ArrayPrototype%.@@unscopables.findLast", source: chrome-extension://nkbihfbeogaeaoehlefnkodbefgpgknn/sentry-install.js (1)
[90609:259:0704/122309.102597:INFO:CONSOLE(1)] "Removing intrinsics.%ArrayPrototype%.@@unscopables.findLastIndex", source: chrome-extension://nkbihfbeogaeaoehlefnkodbefgpgknn/sentry-install.js (1)
[90609:259:0704/122309.103845:INFO:CONSOLE(1)] "Removing intrinsics.%TypedArrayPrototype%.findLast", source: chrome-extension://nkbihfbeogaeaoehlefnkodbefgpgknn/sentry-install.js (1)
[90609:259:0704/122309.104008:INFO:CONSOLE(1)] "Removing intrinsics.%TypedArrayPrototype%.findLastIndex", source: chrome-extension://nkbihfbeogaeaoehlefnkodbefgpgknn/sentry-install.js (1)
[90609:259:0704/122309.596082:INFO:CONSOLE(1)] "missing dep: ethjs>ethjs-unit>bn.js requested buffer", source: chrome-extension://nkbihfbeogaeaoehlefnkodbefgpgknn/sentry-install.js (1)
[90609:259:0704/122309.600560:INFO:CONSOLE(1)] "missing dep: ethjs>number-to-bn>bn.js requested buffer", source: chrome-extension://nkbihfbeogaeaoehlefnkodbefgpgknn/sentry-install.js (1)
[90609:259:0704/122309.632278:INFO:CONSOLE(1)] "LavaMoat: ignoring write attempt to read-access global "XMLHttpRequest"", source: chrome-extension://nkbihfbeogaeaoehlefnkodbefgpgknn/sentry-install.js (1)
[90609:259:0704/122309.687157:INFO:CONSOLE(1)] "missing dep: @metamask/controllers>eth-method-registry>ethjs>bn.js requested buffer", source: chrome-extension://nkbihfbeogaeaoehlefnkodbefgpgknn/sentry-install.js (1)
[90609:259:0704/122309.766231:INFO:CONSOLE(1)] "missing dep: @metamask/smart-transactions-controller>@metamask/controllers>eth-method-registry>ethjs>bn.js requested buffer", source: chrome-extension://nkbihfbeogaeaoehlefnkodbefgpgknn/sentry-install.js (1)
[90609:259:0704/122309.796811:INFO:CONSOLE(1)] "missing dep: ethjs-contract>ethjs-abi>bn.js requested buffer", source: chrome-extension://nkbihfbeogaeaoehlefnkodbefgpgknn/sentry-install.js (1)
[90609:259:0704/122309.801639:INFO:CONSOLE(1)] "missing dep: ethjs>bn.js requested buffer", source: chrome-extension://nkbihfbeogaeaoehlefnkodbefgpgknn/sentry-install.js (1)
[90609:259:0704/122309.888682:INFO:CONSOLE(1)] "Invalid asm.js: Unexpected token", source: chrome-extension://nkbihfbeogaeaoehlefnkodbefgpgknn/background-2.js (1)
[90609:259:0704/122310.492824:INFO:CONSOLE(1)] "%s: %s MaxListenersExceededWarning Possible EventEmitter memory leak detected. 13 "update" listeners added. Use emitter.setMaxListeners() to increase limit.", source: chrome-extension://nkbihfbeogaeaoehlefnkodbefgpgknn/sentry-install.js (1)
[90609:259:0704/122310.515290:INFO:CONSOLE(0)] "Error with Permissions-Policy header: Origin trial controlled feature not enabled: 'interest-cohort'.", source:  (0)
[90609:259:0704/122310.560851:INFO:CONSOLE(1)] "Setting up Sentry Remote Error Reporting for 'production': SENTRY_DSN", source: chrome-extension://nkbihfbeogaeaoehlefnkodbefgpgknn/sentry-install.js (1)
[90609:259:0704/122310.561713:INFO:CONSOLE(1)] "Removing intrinsics.Object.hasOwn", source: https://metamask.github.io/phishing-warning/v1.1.0/lockdown-install.js (1)
[90609:259:0704/122310.562269:INFO:CONSOLE(1)] "Removing intrinsics.%ArrayPrototype%.findLast", source: https://metamask.github.io/phishing-warning/v1.1.0/lockdown-install.js (1)
[90609:259:0704/122310.562314:INFO:CONSOLE(1)] "Removing intrinsics.%ArrayPrototype%.findLastIndex", source: https://metamask.github.io/phishing-warning/v1.1.0/lockdown-install.js (1)
[90609:259:0704/122310.562362:INFO:CONSOLE(1)] "Removing intrinsics.%ArrayPrototype%.@@unscopables.findLast", source: https://metamask.github.io/phishing-warning/v1.1.0/lockdown-install.js (1)
[90609:259:0704/122310.562384:INFO:CONSOLE(1)] "Removing intrinsics.%ArrayPrototype%.@@unscopables.findLastIndex", source: https://metamask.github.io/phishing-warning/v1.1.0/lockdown-install.js (1)
[90609:259:0704/122310.562537:INFO:CONSOLE(1)] "Removing intrinsics.%StringPrototype%.at", source: https://metamask.github.io/phishing-warning/v1.1.0/lockdown-install.js (1)
[90609:259:0704/122310.563589:INFO:CONSOLE(1)] "Removing intrinsics.%TypedArrayPrototype%.findLast", source: https://metamask.github.io/phishing-warning/v1.1.0/lockdown-install.js (1)
[90609:259:0704/122310.563612:INFO:CONSOLE(1)] "Removing intrinsics.%TypedArrayPrototype%.findLastIndex", source: https://metamask.github.io/phishing-warning/v1.1.0/lockdown-install.js (1)
[90609:259:0704/122310.575542:INFO:CONSOLE(17)] "Service worker registered!", source: https://metamask.github.io/phishing-warning/v1.1.0/bundle.js (17)
[90609:259:0704/122310.600840:INFO:CONSOLE(1)] "Removing intrinsics.Object.hasOwn", source: chrome-extension://nkbihfbeogaeaoehlefnkodbefgpgknn/sentry-install.js (1)
[90609:259:0704/122310.601547:INFO:CONSOLE(1)] "Removing intrinsics.%ArrayPrototype%.findLast", source: chrome-extension://nkbihfbeogaeaoehlefnkodbefgpgknn/sentry-install.js (1)
[90609:259:0704/122310.601697:INFO:CONSOLE(1)] "Removing intrinsics.%ArrayPrototype%.findLastIndex", source: chrome-extension://nkbihfbeogaeaoehlefnkodbefgpgknn/sentry-install.js (1)
[90609:259:0704/122310.602006:INFO:CONSOLE(1)] "Removing intrinsics.%ArrayPrototype%.@@unscopables.findLast", source: chrome-extension://nkbihfbeogaeaoehlefnkodbefgpgknn/sentry-install.js (1)
[90609:259:0704/122310.602197:INFO:CONSOLE(1)] "Removing intrinsics.%ArrayPrototype%.@@unscopables.findLastIndex", source: chrome-extension://nkbihfbeogaeaoehlefnkodbefgpgknn/sentry-install.js (1)
[90609:259:0704/122310.603035:INFO:CONSOLE(1)] "Removing intrinsics.%TypedArrayPrototype%.findLast", source: chrome-extension://nkbihfbeogaeaoehlefnkodbefgpgknn/sentry-install.js (1)
[90609:259:0704/122310.603161:INFO:CONSOLE(1)] "Removing intrinsics.%TypedArrayPrototype%.findLastIndex", source: chrome-extension://nkbihfbeogaeaoehlefnkodbefgpgknn/sentry-install.js (1)
[90609:259:0704/122311.045340:INFO:CONSOLE(1)] "missing dep: ethjs>number-to-bn>bn.js requested buffer", source: chrome-extension://nkbihfbeogaeaoehlefnkodbefgpgknn/sentry-install.js (1)
[90609:259:0704/122311.052391:INFO:CONSOLE(1)] "missing dep: ethjs-contract>ethjs-abi>bn.js requested buffer", source: chrome-extension://nkbihfbeogaeaoehlefnkodbefgpgknn/sentry-install.js (1)
[90609:259:0704/122311.060567:INFO:CONSOLE(1)] "missing dep: ethjs>bn.js requested buffer", source: chrome-extension://nkbihfbeogaeaoehlefnkodbefgpgknn/sentry-install.js (1)
[90609:259:0704/122311.064176:INFO:CONSOLE(1)] "missing dep: ethjs>ethjs-unit>bn.js requested buffer", source: chrome-extension://nkbihfbeogaeaoehlefnkodbefgpgknn/sentry-install.js (1)
[90609:259:0704/122311.300488:INFO:CONSOLE(1)] "LavaMoat: ignoring write attempt to read-access global "XMLHttpRequest"", source: chrome-extension://nkbihfbeogaeaoehlefnkodbefgpgknn/sentry-install.js (1)
[90609:259:0704/122311.350947:INFO:CONSOLE(1)] "missing dep: @metamask/controllers>eth-method-registry>ethjs>bn.js requested buffer", source: chrome-extension://nkbihfbeogaeaoehlefnkodbefgpgknn/sentry-install.js (1)
[90609:259:0704/122311.478927:INFO:CONSOLE(1)] "missing dep: @metamask/eth-token-tracker>ethjs>bn.js requested buffer", source: chrome-extension://nkbihfbeogaeaoehlefnkodbefgpgknn/sentry-install.js (1)
[90609:259:0704/122313.908323:INFO:CONSOLE(0)] "Error with Permissions-Policy header: Origin trial controlled feature not enabled: 'interest-cohort'.", source:  (0)
[90609:259:0704/122314.041313:INFO:CONSOLE(373)] "MetaMask < = > Ledger Bridge initialized from https://metamask.github.io/eth-ledger-bridge-keyring/!", source: https://metamask.github.io/eth-ledger-bridge-keyring/bundle.js (373)
[90609:84739:0704/130401.905009:WARNING:dns_config_service_posix.cc(195)] Failed to read DnsConfig.
[90618:11267:0704/130401.904788:WARNING:dns_config_service_posix.cc(195)] Failed to read DnsConfig.
[90609:259:0704/130406.920314:INFO:CONSOLE(1)] "Uncaught (in promise) JsonRpcEngine: Response has no error or result for request:
{
  "id": 6083545463658065,
  "jsonrpc": "2.0",
  "params": [
    "0x1b161cb",
    false
  ],
  "method": "eth_getBlockByNumber"
}", source: chrome-extension://nkbihfbeogaeaoehlefnkodbefgpgknn/background-3.js (1)
[90609:259:0704/130409.974939:INFO:CONSOLE(1)] "Error in RPC response:
 [object Object]", source: chrome-extension://nkbihfbeogaeaoehlefnkodbefgpgknn/sentry-install.js (1)
[90609:259:0704/130409.981763:INFO:CONSOLE(1)] "Error: PollingBlockTracker - encountered an error while attempting to update latest block:
Error: PollingBlockTracker - encountered error fetching block:
[object Object]
  at t.exports._fetchLatestBlock (chrome-extension://nkbihfbeogaeaoehlefnkodbefgpgknn/ui-0.js:1:67763)
  at async t.exports._updateLatestBlock (chrome-extension://nkbihfbeogaeaoehlefnkodbefgpgknn/ui-0.js:1:67502)
  at async t.exports._performSync (chrome-extension://nkbihfbeogaeaoehlefnkodbefgpgknn/ui-0.js:1:67144)", source: chrome-extension://nkbihfbeogaeaoehlefnkodbefgpgknn/sentry-install.js (1)
[90618:16131:0704/130411.322052:WARNING:dns_config_service_posix.cc(195)] Failed to read DnsConfig.
[90609:84739:0704/130411.322325:WARNING:dns_config_service_posix.cc(195)] Failed to read DnsConfig.
[90609:61443:0704/130417.851227:WARNING:dns_config_service_posix.cc(195)] Failed to read DnsConfig.
[90618:42027:0704/130417.851485:WARNING:dns_config_service_posix.cc(195)] Failed to read DnsConfig.
[90609:259:0704/130422.837618:INFO:CONSOLE(1)] "Uncaught (in promise) JsonRpcEngine: Response has no error or result for request:
{
  "id": 6083545463658066,
  "jsonrpc": "2.0",
  "params": [
    "0x1b161d1",
    false
  ],
  "method": "eth_getBlockByNumber"
}", source: chrome-extension://nkbihfbeogaeaoehlefnkodbefgpgknn/background-3.js (1)
[90618:12291:0704/132954.114685:WARNING:spdy_session.cc(3541)] Received HEADERS for invalid stream 1
[90618:12291:0704/142021.764199:WARNING:spdy_session.cc(3541)] Received HEADERS for invalid stream 23
[90618:12291:0704/142325.714123:WARNING:spdy_session.cc(3541)] Received HEADERS for invalid stream 27
[90618:12291:0704/142325.928016:WARNING:spdy_session.cc(3541)] Received HEADERS for invalid stream 25
[90609:84739:0704/143824.368997:WARNING:dns_config_service_posix.cc(195)] Failed to read DnsConfig.
[90618:20787:0704/143824.369074:WARNING:dns_config_service_posix.cc(195)] Failed to read DnsConfig.
[90609:84739:0704/143824.629842:WARNING:dns_config_service_posix.cc(195)] Failed to read DnsConfig.
[90618:23183:0704/143824.629910:WARNING:dns_config_service_posix.cc(195)] Failed to read DnsConfig.
[90609:259:0704/145847.053425:INFO:render_frame_host_impl.cc(11505)] RenderFrameHostImpl::MaybeGenerateCrashReport url = https://metamask.github.io/eth-ledger-bridge-keyring/, status = 4, exit_code = 0
[90609:259:0704/145847.306419:WARNING:pref_notifier_impl.cc(41)] Pref observer for media_router.cast_allow_all_ips found at shutdown.
