[66686:259:0413/091852.869813:ERROR:profile_manager.cc(1243)] Found invalid profile path in deleted_profiles: /Users/luke/Library/Application Support/Google/Chrome/Profile 3
[66686:259:0413/091852.869897:ERROR:profile_manager.cc(1243)] Found invalid profile path in deleted_profiles: /Users/luke/Library/Application Support/Google/Chrome/Profile 1
[66686:259:0413/091852.869911:ERROR:profile_manager.cc(1243)] Found invalid profile path in deleted_profiles: /Users/luke/Library/Application Support/Google/Chrome/Profile 2
[66686:259:0413/091852.869921:ERROR:profile_manager.cc(1243)] Found invalid profile path in deleted_profiles: /Users/luke/Library/Application Support/Google/Chrome/Profile 5
[66686:259:0413/091852.869930:ERROR:profile_manager.cc(1243)] Found invalid profile path in deleted_profiles: /Users/luke/Library/Application Support/Google/Chrome/Default
[66686:259:0413/091852.869939:ERROR:profile_manager.cc(1243)] Found invalid profile path in deleted_profiles: /Users/luke/Library/Application Support/Google/Chrome/Profile 4
[66686:259:0413/091852.869948:ERROR:profile_manager.cc(1243)] Found invalid profile path in deleted_profiles: /Users/luke/Library/Application Support/Google/Chrome/Profile 7
[66686:259:0413/091853.836029:INFO:CONSOLE(1)] "Setting up Sentry Remote Error Reporting for 'production': SENTRY_DSN", source: chrome-extension://nkbihfbeogaeaoehlefnkodbefgpgknn/sentry-install.js (1)
[66686:259:0413/091853.890064:INFO:CONSOLE(1)] "Removing intrinsics.Object.hasOwn", source: chrome-extension://nkbihfbeogaeaoehlefnkodbefgpgknn/sentry-install.js (1)
[66686:259:0413/091853.891799:INFO:CONSOLE(1)] "Removing intrinsics.%ArrayPrototype%.findLast", source: chrome-extension://nkbihfbeogaeaoehlefnkodbefgpgknn/sentry-install.js (1)
[66686:259:0413/091853.891854:INFO:CONSOLE(1)] "Removing intrinsics.%ArrayPrototype%.findLastIndex", source: chrome-extension://nkbihfbeogaeaoehlefnkodbefgpgknn/sentry-install.js (1)
[66686:259:0413/091853.892069:INFO:CONSOLE(1)] "Removing intrinsics.%ArrayPrototype%.@@unscopables.findLast", source: chrome-extension://nkbihfbeogaeaoehlefnkodbefgpgknn/sentry-install.js (1)
[66686:259:0413/091853.892110:INFO:CONSOLE(1)] "Removing intrinsics.%ArrayPrototype%.@@unscopables.findLastIndex", source: chrome-extension://nkbihfbeogaeaoehlefnkodbefgpgknn/sentry-install.js (1)
[66686:259:0413/091853.893397:INFO:CONSOLE(1)] "Removing intrinsics.%TypedArrayPrototype%.findLast", source: chrome-extension://nkbihfbeogaeaoehlefnkodbefgpgknn/sentry-install.js (1)
[66686:259:0413/091853.893448:INFO:CONSOLE(1)] "Removing intrinsics.%TypedArrayPrototype%.findLastIndex", source: chrome-extension://nkbihfbeogaeaoehlefnkodbefgpgknn/sentry-install.js (1)
[66686:259:0413/091854.385116:INFO:CONSOLE(1)] "missing dep: bn.js requested buffer", source: chrome-extension://nkbihfbeogaeaoehlefnkodbefgpgknn/sentry-install.js (1)
[66686:259:0413/091854.389444:INFO:CONSOLE(1)] "missing dep: bn.js requested buffer", source: chrome-extension://nkbihfbeogaeaoehlefnkodbefgpgknn/sentry-install.js (1)
[66686:259:0413/091854.421293:INFO:CONSOLE(1)] "LavaMoat: ignoring write attempt to read-access global "XMLHttpRequest"", source: chrome-extension://nkbihfbeogaeaoehlefnkodbefgpgknn/sentry-install.js (1)
[66686:259:0413/091854.487084:INFO:CONSOLE(1)] "missing dep: bn.js requested buffer", source: chrome-extension://nkbihfbeogaeaoehlefnkodbefgpgknn/sentry-install.js (1)
[66686:259:0413/091857.526919:INFO:CONSOLE(1)] "missing dep: bn.js requested buffer", source: chrome-extension://nkbihfbeogaeaoehlefnkodbefgpgknn/sentry-install.js (1)
[66686:259:0413/091857.557396:INFO:CONSOLE(1)] "missing dep: bn.js requested buffer", source: chrome-extension://nkbihfbeogaeaoehlefnkodbefgpgknn/sentry-install.js (1)
[66686:259:0413/091857.562575:INFO:CONSOLE(1)] "missing dep: bn.js requested buffer", source: chrome-extension://nkbihfbeogaeaoehlefnkodbefgpgknn/sentry-install.js (1)
[66686:259:0413/091857.600100:INFO:CONSOLE(1)] "missing dep: bn.js requested buffer", source: chrome-extension://nkbihfbeogaeaoehlefnkodbefgpgknn/sentry-install.js (1)
[66686:259:0413/091857.631177:INFO:CONSOLE(1)] "missing dep: bn.js requested buffer", source: chrome-extension://nkbihfbeogaeaoehlefnkodbefgpgknn/sentry-install.js (1)
[66686:259:0413/091857.662693:INFO:CONSOLE(1)] "Invalid asm.js: Unexpected token", source: chrome-extension://nkbihfbeogaeaoehlefnkodbefgpgknn/background-4.js (1)
[66686:259:0413/091858.257528:INFO:CONSOLE(1)] "%s: %s MaxListenersExceededWarning Possible EventEmitter memory leak detected. 13 "update" listeners added. Use emitter.setMaxListeners() to increase limit.", source: chrome-extension://nkbihfbeogaeaoehlefnkodbefgpgknn/sentry-install.js (1)
[66686:259:0413/091858.313592:INFO:CONSOLE(1)] "Setting up Sentry Remote Error Reporting for 'production': SENTRY_DSN", source: chrome-extension://nkbihfbeogaeaoehlefnkodbefgpgknn/sentry-install.js (1)
[66686:259:0413/091858.323554:INFO:CONSOLE(1)] "Removing intrinsics.Object.hasOwn", source: chrome-extension://nkbihfbeogaeaoehlefnkodbefgpgknn/sentry-install.js (1)
[66686:259:0413/091858.324213:INFO:CONSOLE(1)] "Removing intrinsics.%ArrayPrototype%.findLast", source: chrome-extension://nkbihfbeogaeaoehlefnkodbefgpgknn/sentry-install.js (1)
[66686:259:0413/091858.324322:INFO:CONSOLE(1)] "Removing intrinsics.%ArrayPrototype%.findLastIndex", source: chrome-extension://nkbihfbeogaeaoehlefnkodbefgpgknn/sentry-install.js (1)
[66686:259:0413/091858.324394:INFO:CONSOLE(1)] "Removing intrinsics.%ArrayPrototype%.@@unscopables.findLast", source: chrome-extension://nkbihfbeogaeaoehlefnkodbefgpgknn/sentry-install.js (1)
[66686:259:0413/091858.324633:INFO:CONSOLE(1)] "Removing intrinsics.%ArrayPrototype%.@@unscopables.findLastIndex", source: chrome-extension://nkbihfbeogaeaoehlefnkodbefgpgknn/sentry-install.js (1)
[66686:259:0413/091858.325023:INFO:CONSOLE(1)] "Removing intrinsics.%StringPrototype%.at", source: chrome-extension://nkbihfbeogaeaoehlefnkodbefgpgknn/sentry-install.js (1)
[66686:259:0413/091858.325409:INFO:CONSOLE(1)] "Removing intrinsics.%TypedArrayPrototype%.findLast", source: chrome-extension://nkbihfbeogaeaoehlefnkodbefgpgknn/sentry-install.js (1)
[66686:259:0413/091858.325516:INFO:CONSOLE(1)] "Removing intrinsics.%TypedArrayPrototype%.findLastIndex", source: chrome-extension://nkbihfbeogaeaoehlefnkodbefgpgknn/sentry-install.js (1)
[66686:259:0413/091901.393320:INFO:CONSOLE(0)] "Error with Permissions-Policy header: Unrecognized feature: 'interest-cohort'.", source:  (0)
[66686:259:0413/091901.541597:INFO:CONSOLE(373)] "MetaMask < = > Ledger Bridge initialized from https://metamask.github.io/eth-ledger-bridge-keyring/!", source: https://metamask.github.io/eth-ledger-bridge-keyring/bundle.js (373)
[66686:259:0413/091902.023788:INFO:CONSOLE(1)] "Setting up Sentry Remote Error Reporting for 'production': SENTRY_DSN", source: chrome-extension://nkbihfbeogaeaoehlefnkodbefgpgknn/sentry-install.js (1)
[66686:259:0413/091902.035381:INFO:CONSOLE(1)] "Removing intrinsics.Object.hasOwn", source: chrome-extension://nkbihfbeogaeaoehlefnkodbefgpgknn/sentry-install.js (1)
[66686:259:0413/091902.038776:INFO:CONSOLE(1)] "Removing intrinsics.%ArrayPrototype%.findLast", source: chrome-extension://nkbihfbeogaeaoehlefnkodbefgpgknn/sentry-install.js (1)
[66686:259:0413/091902.038863:INFO:CONSOLE(1)] "Removing intrinsics.%ArrayPrototype%.findLastIndex", source: chrome-extension://nkbihfbeogaeaoehlefnkodbefgpgknn/sentry-install.js (1)
[66686:259:0413/091902.038912:INFO:CONSOLE(1)] "Removing intrinsics.%ArrayPrototype%.@@unscopables.findLast", source: chrome-extension://nkbihfbeogaeaoehlefnkodbefgpgknn/sentry-install.js (1)
[66686:259:0413/091902.039757:INFO:CONSOLE(1)] "Removing intrinsics.%ArrayPrototype%.@@unscopables.findLastIndex", source: chrome-extension://nkbihfbeogaeaoehlefnkodbefgpgknn/sentry-install.js (1)
[66686:259:0413/091902.039828:INFO:CONSOLE(1)] "Removing intrinsics.%StringPrototype%.at", source: chrome-extension://nkbihfbeogaeaoehlefnkodbefgpgknn/sentry-install.js (1)
[66686:259:0413/091902.040740:INFO:CONSOLE(1)] "Removing intrinsics.%TypedArrayPrototype%.findLast", source: chrome-extension://nkbihfbeogaeaoehlefnkodbefgpgknn/sentry-install.js (1)
[66686:259:0413/091902.041078:INFO:CONSOLE(1)] "Removing intrinsics.%TypedArrayPrototype%.findLastIndex", source: chrome-extension://nkbihfbeogaeaoehlefnkodbefgpgknn/sentry-install.js (1)
[66686:259:0413/092239.182897:INFO:CONSOLE(1)] "Setting up Sentry Remote Error Reporting for 'production': SENTRY_DSN", source: chrome-extension://nkbihfbeogaeaoehlefnkodbefgpgknn/sentry-install.js (1)
[66686:259:0413/092239.234849:INFO:CONSOLE(1)] "Removing intrinsics.Object.hasOwn", source: chrome-extension://nkbihfbeogaeaoehlefnkodbefgpgknn/sentry-install.js (1)
[66686:259:0413/092239.236585:INFO:CONSOLE(1)] "Removing intrinsics.%ArrayPrototype%.findLast", source: chrome-extension://nkbihfbeogaeaoehlefnkodbefgpgknn/sentry-install.js (1)
[66686:259:0413/092239.236642:INFO:CONSOLE(1)] "Removing intrinsics.%ArrayPrototype%.findLastIndex", source: chrome-extension://nkbihfbeogaeaoehlefnkodbefgpgknn/sentry-install.js (1)
[66686:259:0413/092239.236787:INFO:CONSOLE(1)] "Removing intrinsics.%ArrayPrototype%.@@unscopables.findLast", source: chrome-extension://nkbihfbeogaeaoehlefnkodbefgpgknn/sentry-install.js (1)
[66686:259:0413/092239.236840:INFO:CONSOLE(1)] "Removing intrinsics.%ArrayPrototype%.@@unscopables.findLastIndex", source: chrome-extension://nkbihfbeogaeaoehlefnkodbefgpgknn/sentry-install.js (1)
[66686:259:0413/092239.238067:INFO:CONSOLE(1)] "Removing intrinsics.%TypedArrayPrototype%.findLast", source: chrome-extension://nkbihfbeogaeaoehlefnkodbefgpgknn/sentry-install.js (1)
[66686:259:0413/092239.238135:INFO:CONSOLE(1)] "Removing intrinsics.%TypedArrayPrototype%.findLastIndex", source: chrome-extension://nkbihfbeogaeaoehlefnkodbefgpgknn/sentry-install.js (1)
[66686:259:0413/092239.712107:INFO:CONSOLE(1)] "missing dep: bn.js requested buffer", source: chrome-extension://nkbihfbeogaeaoehlefnkodbefgpgknn/sentry-install.js (1)
[66686:259:0413/092239.716398:INFO:CONSOLE(1)] "missing dep: bn.js requested buffer", source: chrome-extension://nkbihfbeogaeaoehlefnkodbefgpgknn/sentry-install.js (1)
[66686:259:0413/092239.748296:INFO:CONSOLE(1)] "LavaMoat: ignoring write attempt to read-access global "XMLHttpRequest"", source: chrome-extension://nkbihfbeogaeaoehlefnkodbefgpgknn/sentry-install.js (1)
[66686:259:0413/092239.813244:INFO:CONSOLE(1)] "missing dep: bn.js requested buffer", source: chrome-extension://nkbihfbeogaeaoehlefnkodbefgpgknn/sentry-install.js (1)
[66686:259:0413/092242.868177:INFO:CONSOLE(1)] "missing dep: bn.js requested buffer", source: chrome-extension://nkbihfbeogaeaoehlefnkodbefgpgknn/sentry-install.js (1)
[66686:259:0413/092242.897437:INFO:CONSOLE(1)] "missing dep: bn.js requested buffer", source: chrome-extension://nkbihfbeogaeaoehlefnkodbefgpgknn/sentry-install.js (1)
[66686:259:0413/092242.902299:INFO:CONSOLE(1)] "missing dep: bn.js requested buffer", source: chrome-extension://nkbihfbeogaeaoehlefnkodbefgpgknn/sentry-install.js (1)
[66686:259:0413/092242.938804:INFO:CONSOLE(1)] "missing dep: bn.js requested buffer", source: chrome-extension://nkbihfbeogaeaoehlefnkodbefgpgknn/sentry-install.js (1)
[66686:259:0413/092242.962451:INFO:CONSOLE(1)] "missing dep: bn.js requested buffer", source: chrome-extension://nkbihfbeogaeaoehlefnkodbefgpgknn/sentry-install.js (1)
[66686:259:0413/092242.998013:INFO:CONSOLE(1)] "Invalid asm.js: Unexpected token", source: chrome-extension://nkbihfbeogaeaoehlefnkodbefgpgknn/background-4.js (1)
[66686:259:0413/092243.604946:INFO:CONSOLE(1)] "%s: %s MaxListenersExceededWarning Possible EventEmitter memory leak detected. 13 "update" listeners added. Use emitter.setMaxListeners() to increase limit.", source: chrome-extension://nkbihfbeogaeaoehlefnkodbefgpgknn/sentry-install.js (1)
[66686:259:0413/092243.677262:INFO:CONSOLE(1)] "Setting up Sentry Remote Error Reporting for 'production': SENTRY_DSN", source: chrome-extension://nkbihfbeogaeaoehlefnkodbefgpgknn/sentry-install.js (1)
[66686:259:0413/092243.687289:INFO:CONSOLE(1)] "Removing intrinsics.Object.hasOwn", source: chrome-extension://nkbihfbeogaeaoehlefnkodbefgpgknn/sentry-install.js (1)
[66686:259:0413/092243.687887:INFO:CONSOLE(1)] "Removing intrinsics.%ArrayPrototype%.findLast", source: chrome-extension://nkbihfbeogaeaoehlefnkodbefgpgknn/sentry-install.js (1)
[66686:259:0413/092243.687954:INFO:CONSOLE(1)] "Removing intrinsics.%ArrayPrototype%.findLastIndex", source: chrome-extension://nkbihfbeogaeaoehlefnkodbefgpgknn/sentry-install.js (1)
[66686:259:0413/092243.688047:INFO:CONSOLE(1)] "Removing intrinsics.%ArrayPrototype%.@@unscopables.findLast", source: chrome-extension://nkbihfbeogaeaoehlefnkodbefgpgknn/sentry-install.js (1)
[66686:259:0413/092243.688154:INFO:CONSOLE(1)] "Removing intrinsics.%ArrayPrototype%.@@unscopables.findLastIndex", source: chrome-extension://nkbihfbeogaeaoehlefnkodbefgpgknn/sentry-install.js (1)
[66686:259:0413/092243.688496:INFO:CONSOLE(1)] "Removing intrinsics.%StringPrototype%.at", source: chrome-extension://nkbihfbeogaeaoehlefnkodbefgpgknn/sentry-install.js (1)
[66686:259:0413/092243.688868:INFO:CONSOLE(1)] "Removing intrinsics.%TypedArrayPrototype%.findLast", source: chrome-extension://nkbihfbeogaeaoehlefnkodbefgpgknn/sentry-install.js (1)
[66686:259:0413/092243.688935:INFO:CONSOLE(1)] "Removing intrinsics.%TypedArrayPrototype%.findLastIndex", source: chrome-extension://nkbihfbeogaeaoehlefnkodbefgpgknn/sentry-install.js (1)
[66686:259:0413/092247.091824:INFO:CONSOLE(1)] "Setting up Sentry Remote Error Reporting for 'production': SENTRY_DSN", source: chrome-extension://nkbihfbeogaeaoehlefnkodbefgpgknn/sentry-install.js (1)
[66686:259:0413/092247.102193:INFO:CONSOLE(1)] "Removing intrinsics.Object.hasOwn", source: chrome-extension://nkbihfbeogaeaoehlefnkodbefgpgknn/sentry-install.js (1)
[66686:259:0413/092247.102847:INFO:CONSOLE(1)] "Removing intrinsics.%ArrayPrototype%.findLast", source: chrome-extension://nkbihfbeogaeaoehlefnkodbefgpgknn/sentry-install.js (1)
[66686:259:0413/092247.102938:INFO:CONSOLE(1)] "Removing intrinsics.%ArrayPrototype%.findLastIndex", source: chrome-extension://nkbihfbeogaeaoehlefnkodbefgpgknn/sentry-install.js (1)
[66686:259:0413/092247.103033:INFO:CONSOLE(1)] "Removing intrinsics.%ArrayPrototype%.@@unscopables.findLast", source: chrome-extension://nkbihfbeogaeaoehlefnkodbefgpgknn/sentry-install.js (1)
[66686:259:0413/092247.103182:INFO:CONSOLE(1)] "Removing intrinsics.%ArrayPrototype%.@@unscopables.findLastIndex", source: chrome-extension://nkbihfbeogaeaoehlefnkodbefgpgknn/sentry-install.js (1)
[66686:259:0413/092247.103545:INFO:CONSOLE(1)] "Removing intrinsics.%StringPrototype%.at", source: chrome-extension://nkbihfbeogaeaoehlefnkodbefgpgknn/sentry-install.js (1)
[66686:259:0413/092247.103953:INFO:CONSOLE(1)] "Removing intrinsics.%TypedArrayPrototype%.findLast", source: chrome-extension://nkbihfbeogaeaoehlefnkodbefgpgknn/sentry-install.js (1)
[66686:259:0413/092247.104037:INFO:CONSOLE(1)] "Removing intrinsics.%TypedArrayPrototype%.findLastIndex", source: chrome-extension://nkbihfbeogaeaoehlefnkodbefgpgknn/sentry-install.js (1)
[66686:259:0413/092308.361261:INFO:CONSOLE(1)] "Setting up Sentry Remote Error Reporting for 'production': SENTRY_DSN", source: chrome-extension://nkbihfbeogaeaoehlefnkodbefgpgknn/sentry-install.js (1)
[66686:259:0413/092308.374421:INFO:CONSOLE(1)] "Removing intrinsics.Object.hasOwn", source: chrome-extension://nkbihfbeogaeaoehlefnkodbefgpgknn/sentry-install.js (1)
[66686:259:0413/092308.375337:INFO:CONSOLE(1)] "Removing intrinsics.%ArrayPrototype%.findLast", source: chrome-extension://nkbihfbeogaeaoehlefnkodbefgpgknn/sentry-install.js (1)
[66686:259:0413/092308.375419:INFO:CONSOLE(1)] "Removing intrinsics.%ArrayPrototype%.findLastIndex", source: chrome-extension://nkbihfbeogaeaoehlefnkodbefgpgknn/sentry-install.js (1)
[66686:259:0413/092308.375532:INFO:CONSOLE(1)] "Removing intrinsics.%ArrayPrototype%.@@unscopables.findLast", source: chrome-extension://nkbihfbeogaeaoehlefnkodbefgpgknn/sentry-install.js (1)
[66686:259:0413/092308.375738:INFO:CONSOLE(1)] "Removing intrinsics.%ArrayPrototype%.@@unscopables.findLastIndex", source: chrome-extension://nkbihfbeogaeaoehlefnkodbefgpgknn/sentry-install.js (1)
[66686:259:0413/092308.376196:INFO:CONSOLE(1)] "Removing intrinsics.%StringPrototype%.at", source: chrome-extension://nkbihfbeogaeaoehlefnkodbefgpgknn/sentry-install.js (1)
[66686:259:0413/092308.377251:INFO:CONSOLE(1)] "Removing intrinsics.%TypedArrayPrototype%.findLast", source: chrome-extension://nkbihfbeogaeaoehlefnkodbefgpgknn/sentry-install.js (1)
[66686:259:0413/092308.377293:INFO:CONSOLE(1)] "Removing intrinsics.%TypedArrayPrototype%.findLastIndex", source: chrome-extension://nkbihfbeogaeaoehlefnkodbefgpgknn/sentry-install.js (1)
[66686:259:0413/092312.530851:INFO:CONSOLE(0)] "Error with Permissions-Policy header: Unrecognized feature: 'interest-cohort'.", source:  (0)
[66686:259:0413/092312.707696:INFO:CONSOLE(373)] "MetaMask < = > Ledger Bridge initialized from https://metamask.github.io/eth-ledger-bridge-keyring/!", source: https://metamask.github.io/eth-ledger-bridge-keyring/bundle.js (373)
[66686:259:0413/092352.829503:INFO:CONSOLE(1)] "Setting up Sentry Remote Error Reporting for 'production': SENTRY_DSN", source: chrome-extension://nkbihfbeogaeaoehlefnkodbefgpgknn/sentry-install.js (1)
[66686:259:0413/092352.841414:INFO:CONSOLE(1)] "Removing intrinsics.Object.hasOwn", source: chrome-extension://nkbihfbeogaeaoehlefnkodbefgpgknn/sentry-install.js (1)
[66686:259:0413/092352.842149:INFO:CONSOLE(1)] "Removing intrinsics.%ArrayPrototype%.findLast", source: chrome-extension://nkbihfbeogaeaoehlefnkodbefgpgknn/sentry-install.js (1)
[66686:259:0413/092352.842231:INFO:CONSOLE(1)] "Removing intrinsics.%ArrayPrototype%.findLastIndex", source: chrome-extension://nkbihfbeogaeaoehlefnkodbefgpgknn/sentry-install.js (1)
[66686:259:0413/092352.842320:INFO:CONSOLE(1)] "Removing intrinsics.%ArrayPrototype%.@@unscopables.findLast", source: chrome-extension://nkbihfbeogaeaoehlefnkodbefgpgknn/sentry-install.js (1)
[66686:259:0413/092352.842452:INFO:CONSOLE(1)] "Removing intrinsics.%ArrayPrototype%.@@unscopables.findLastIndex", source: chrome-extension://nkbihfbeogaeaoehlefnkodbefgpgknn/sentry-install.js (1)
[66686:259:0413/092352.843431:INFO:CONSOLE(1)] "Removing intrinsics.%StringPrototype%.at", source: chrome-extension://nkbihfbeogaeaoehlefnkodbefgpgknn/sentry-install.js (1)
[66686:259:0413/092352.843888:INFO:CONSOLE(1)] "Removing intrinsics.%TypedArrayPrototype%.findLast", source: chrome-extension://nkbihfbeogaeaoehlefnkodbefgpgknn/sentry-install.js (1)
[66686:259:0413/092352.843972:INFO:CONSOLE(1)] "Removing intrinsics.%TypedArrayPrototype%.findLastIndex", source: chrome-extension://nkbihfbeogaeaoehlefnkodbefgpgknn/sentry-install.js (1)
[66686:259:0413/092543.365413:INFO:CONSOLE(1)] "Setting up Sentry Remote Error Reporting for 'production': SENTRY_DSN", source: chrome-extension://nkbihfbeogaeaoehlefnkodbefgpgknn/sentry-install.js (1)
[66686:259:0413/092543.375623:INFO:CONSOLE(1)] "Removing intrinsics.Object.hasOwn", source: chrome-extension://nkbihfbeogaeaoehlefnkodbefgpgknn/sentry-install.js (1)
[66686:259:0413/092543.376200:INFO:CONSOLE(1)] "Removing intrinsics.%ArrayPrototype%.findLast", source: chrome-extension://nkbihfbeogaeaoehlefnkodbefgpgknn/sentry-install.js (1)
[66686:259:0413/092543.376278:INFO:CONSOLE(1)] "Removing intrinsics.%ArrayPrototype%.findLastIndex", source: chrome-extension://nkbihfbeogaeaoehlefnkodbefgpgknn/sentry-install.js (1)
[66686:259:0413/092543.376364:INFO:CONSOLE(1)] "Removing intrinsics.%ArrayPrototype%.@@unscopables.findLast", source: chrome-extension://nkbihfbeogaeaoehlefnkodbefgpgknn/sentry-install.js (1)
[66686:259:0413/092543.376469:INFO:CONSOLE(1)] "Removing intrinsics.%ArrayPrototype%.@@unscopables.findLastIndex", source: chrome-extension://nkbihfbeogaeaoehlefnkodbefgpgknn/sentry-install.js (1)
[66686:259:0413/092543.376840:INFO:CONSOLE(1)] "Removing intrinsics.%StringPrototype%.at", source: chrome-extension://nkbihfbeogaeaoehlefnkodbefgpgknn/sentry-install.js (1)
[66686:259:0413/092543.377806:INFO:CONSOLE(1)] "Removing intrinsics.%TypedArrayPrototype%.findLast", source: chrome-extension://nkbihfbeogaeaoehlefnkodbefgpgknn/sentry-install.js (1)
[66686:259:0413/092543.377852:INFO:CONSOLE(1)] "Removing intrinsics.%TypedArrayPrototype%.findLastIndex", source: chrome-extension://nkbihfbeogaeaoehlefnkodbefgpgknn/sentry-install.js (1)
[66686:259:0413/092709.078384:INFO:CONSOLE(1)] "Uncaught (in promise) Internal JSON-RPC error.", source: chrome-extension://nkbihfbeogaeaoehlefnkodbefgpgknn/background-0.js (1)
